Arguments: 
  C:\Program Files\nodejs\node.exe C:\Users\frand\AppData\Roaming\npm\node_modules\yarn\bin\yarn.js add @types/node

PATH: 
  C:\Program Files (x86)\Common Files\Oracle\Java\javapath;C:\WINDOWS\system32;C:\WINDOWS;C:\WINDOWS\System32\Wbem;C:\WINDOWS\System32\WindowsPowerShell\v1.0\;C:\WINDOWS\System32\OpenSSH\;D:\Programs\AndroidSDK\platform-tools;C:\Program Files\Git\cmd;C:\Program Files (x86)\Windows Kits\8.1\Windows Performance Toolkit\;D:\Programs\Visual Studio\Code\Microsoft VS Code\bin;C:\Program Files\nodejs\;C:\Program Files (x86)\Windows Kits\10\Windows Performance Toolkit\;C:\Program Files\Java\jdk-11.0.1\bin;D:\downloads\ffmpeg-20181223-bb586a9-win64-shared\ffmpeg-20181223-bb586a9-win64-shared\bin;C:\ProgramData\ComposerSetup\bin;C:\Program Files\dotnet\;C:\Program Files\Microsoft SQL Server\130\Tools\Binn\;C:\Users\frand\AppData\Local\Programs\Python\Python37\Scripts\;C:\Users\frand\AppData\Local\Programs\Python\Python37\;C:\Users\frand\AppData\Local\Programs\Python\Python37-32\Scripts\;C:\Users\frand\AppData\Local\Programs\Python\Python37-32\;C:\WINDOWS\system32;C:\WINDOWS;C:\WINDOWS\System32\Wbem;C:\WINDOWS\System32\WindowsPowerShell\v1.0\;C:\WINDOWS\System32\OpenSSH\;D:\Programs\AndroidSDK\platform-tools;C:\Program Files\nodejs\;C:\Program Files\Git\cmd;C:\Program Files (x86)\Windows Kits\8.1\Windows Performance Toolkit\;C:\Users\frand\AppData\Local\Programs\Python\Python36\Scripts\;C:\Users\frand\AppData\Local\Programs\Python\Python36\;C:\Users\frand\AppData\Local\Programs\Python\Python36-32\Scripts\;C:\Users\frand\AppData\Local\Programs\Python\Python36-32\;C:\Users\frand\AppData\Local\Programs\Python\Launcher\;C:\Users\frand\AppData\Local\Microsoft\WindowsApps;D:\Programs\Visual Studio\Code\Microsoft VS Code\bin;C:\Users\frand;C:\Users\frand\AppData\Local\Programs\Microsoft VS Code\bin;C:\Users\frand\AppData\Roaming\npm;C:\Program Files\Java\jdk-11.0.1\bin;D:\downloads\ffmpeg-20181223-bb586a9-win64-shared\ffmpeg-20181223-bb586a9-win64-shared\bin;D:\downloads\php-7.3.1-nts-Win32-VC15-x64;C:\Users\frand\AppData\Roaming\Composer\vendor\bin;C:\Users\frand\.dotnet\tools;%USERPROFILE%\AppData\Local\Microsoft\WindowsApps;

Yarn version: 
  1.12.3

Node version: 
  10.9.0

Platform: 
  win32 x64

Trace: 
  Error: EPERM: operation not permitted, scandir 'D:\Projects\logger.js\node_modules\@types'

npm manifest: 
  {
    "dependencies": {
      "@types/node": "^11.11.6",
      "chalk": "^2.4.2",
      "moment": "^2.24.0",
      "strip-ansi": "^5.2.0"
    },
    "name": "logger.js",
    "description": "its like log4js but it can't configurable.",
    "version": "0.0.1",
    "main": "index.js",
    "directories": {
      "example": "examples"
    },
    "devDependencies": {},
    "scripts": {
      "test": "echo \"Error: no test specified\" && exit 1"
    },
    "repository": {
      "type": "git",
      "url": "git+https://github.com/acrylic-style/logger.js.git"
    },
    "keywords": [
      "logger",
      "logger.js"
    ],
    "author": "acrylic-style",
    "license": "SEE LICENCE IN LICENCE",
    "bugs": {
      "url": "https://github.com/acrylic-style/logger.js/issues"
    },
    "homepage": "https://github.com/acrylic-style/logger.js#readme"
  }

yarn manifest: 
  No manifest

Lockfile: 
  # THIS IS AN AUTOGENERATED FILE. DO NOT EDIT THIS FILE DIRECTLY.
  # yarn lockfile v1
  
  
  ansi-regex@^4.1.0:
    version "4.1.0"
    resolved "https://registry.yarnpkg.com/ansi-regex/-/ansi-regex-4.1.0.tgz#8b9f8f08cf1acb843756a839ca8c7e3168c51997"
    integrity sha512-1apePfXM1UOSqw0o9IiFAovVz9M5S1Dg+4TrDwfMewQ6p/rmMueb7tWZjQ1rx4Loy1ArBggoqGpfqqdI4rondg==
  
  ansi-styles@^3.2.1:
    version "3.2.1"
    resolved "https://registry.yarnpkg.com/ansi-styles/-/ansi-styles-3.2.1.tgz#41fbb20243e50b12be0f04b8dedbf07520ce841d"
    integrity sha512-VT0ZI6kZRdTh8YyJw3SMbYm/u+NqfsAxEpWO0Pf9sq8/e94WxxOpPKx9FR1FlyCtOVDNOQ+8ntlqFxiRc+r5qA==
    dependencies:
      color-convert "^1.9.0"
  
  chalk@^2.4.2:
    version "2.4.2"
    resolved "https://registry.yarnpkg.com/chalk/-/chalk-2.4.2.tgz#cd42541677a54333cf541a49108c1432b44c9424"
    integrity sha512-Mti+f9lpJNcwF4tWV8/OrTTtF1gZi+f8FqlyAdouralcFWFQWF2+NgCHShjkCb+IFBLq9buZwE1xckQU4peSuQ==
    dependencies:
      ansi-styles "^3.2.1"
      escape-string-regexp "^1.0.5"
      supports-color "^5.3.0"
  
  color-convert@^1.9.0:
    version "1.9.3"
    resolved "https://registry.yarnpkg.com/color-convert/-/color-convert-1.9.3.tgz#bb71850690e1f136567de629d2d5471deda4c1e8"
    integrity sha512-QfAUtd+vFdAtFQcC8CCyYt1fYWxSqAiK2cSD6zDB8N3cpsEBAvRxp9zOGg6G/SHHJYAT88/az/IuDGALsNVbGg==
    dependencies:
      color-name "1.1.3"
  
  color-name@1.1.3:
    version "1.1.3"
    resolved "https://registry.yarnpkg.com/color-name/-/color-name-1.1.3.tgz#a7d0558bd89c42f795dd42328f740831ca53bc25"
    integrity sha1-p9BVi9icQveV3UIyj3QIMcpTvCU=
  
  escape-string-regexp@^1.0.5:
    version "1.0.5"
    resolved "https://registry.yarnpkg.com/escape-string-regexp/-/escape-string-regexp-1.0.5.tgz#1b61c0562190a8dff6ae3bb2cf0200ca130b86d4"
    integrity sha1-G2HAViGQqN/2rjuyzwIAyhMLhtQ=
  
  has-flag@^3.0.0:
    version "3.0.0"
    resolved "https://registry.yarnpkg.com/has-flag/-/has-flag-3.0.0.tgz#b5d454dc2199ae225699f3467e5a07f3b955bafd"
    integrity sha1-tdRU3CGZriJWmfNGfloH87lVuv0=
  
  moment@^2.24.0:
    version "2.24.0"
    resolved "https://registry.yarnpkg.com/moment/-/moment-2.24.0.tgz#0d055d53f5052aa653c9f6eb68bb5d12bf5c2b5b"
    integrity sha512-bV7f+6l2QigeBBZSM/6yTNq4P2fNpSWj/0e7jQcy87A8e7o2nAfP/34/2ky5Vw4B9S446EtIhodAzkFCcR4dQg==
  
  strip-ansi@^5.2.0:
    version "5.2.0"
    resolved "https://registry.yarnpkg.com/strip-ansi/-/strip-ansi-5.2.0.tgz#8c9a536feb6afc962bdfa5b104a5091c1ad9c0ae"
    integrity sha512-DuRs1gKbBqsMKIZlrffwlug8MHkcnpjs5VPmL1PAh+mA30U0DTotfDZ0d2UUsXpPmPmMMJ6W773MaA3J+lbiWA==
    dependencies:
      ansi-regex "^4.1.0"
  
  supports-color@^5.3.0:
    version "5.5.0"
    resolved "https://registry.yarnpkg.com/supports-color/-/supports-color-5.5.0.tgz#e2e69a44ac8772f78a1ec0b35b689df6530efc8f"
    integrity sha512-QjVjwdXIt408MIiAqCX4oUKsgU2EqAGzs2Ppkm4aQYbjm+ZEWEcW4SfFNTr4uMNZma0ey4f5lgLrkB0aX0QMow==
    dependencies:
      has-flag "^3.0.0"
